2025-12-24 18:55:58,462 [ERROR] kasapro.ui.frames.purchase_report: Satın alma raporu oluşturulamadı
Traceback (most recent call last):
  File "C:\Users\berke\Documents\GitHub\kasa\kasapro\ui\frames\purchase_report.py", line 300, in worker
    data = self.app.db.purchase_report_fetch(**filters)
  File "C:\Users\berke\Documents\GitHub\kasa\kasapro\db\main_db.py", line 385, in purchase_report_fetch
    return self.purchase_reports.fetch_report(**kwargs)
           ~~~~~~~~~~~~~~~~~~~~~~~~~~~~~~~~~~^^^^^^^^^^
  File "C:\Users\berke\Documents\GitHub\kasa\kasapro\db\repos\purchase_report_repo.py", line 72, in fetch_report
    self._fetch_invoice_items(df, dt, supplier_id, product_name, category)
    ~~~~~~~~~~~~~~~~~~~~~~~~~^^^^^^^^^^^^^^^^^^^^^^^^^^^^^^^^^^^^^^^^^^^^^
  File "C:\Users\berke\Documents\GitHub\kasa\kasapro\db\repos\purchase_report_repo.py", line 161, in _fetch_invoice_items
    for r in self.conn.execute(sql, tuple(params)):
             ~~~~~~~~~~~~~~~~~^^^^^^^^^^^^^^^^^^^^
sqlite3.ProgrammingError: SQLite objects created in a thread can only be used in that same thread. The object was created in thread id 7000 and this is thread id 22940.
2025-12-24 18:58:41,609 [ERROR] kasapro.ui.frames.purchase_report: Satın alma raporu oluşturulamadı
Traceback (most recent call last):
  File "C:\Users\berke\Documents\GitHub\kasa\kasapro\ui\frames\purchase_report.py", line 300, in worker
    data = self.app.db.purchase_report_fetch(**filters)
  File "C:\Users\berke\Documents\GitHub\kasa\kasapro\db\main_db.py", line 385, in purchase_report_fetch
    return self.purchase_reports.fetch_report(**kwargs)
           ~~~~~~~~~~~~~~~~~~~~~~~~~~~~~~~~~~^^^^^^^^^^
  File "C:\Users\berke\Documents\GitHub\kasa\kasapro\db\repos\purchase_report_repo.py", line 72, in fetch_report
    self._fetch_invoice_items(df, dt, supplier_id, product_name, category)
    ~~~~~~~~~~~~~~~~~~~~~~~~~^^^^^^^^^^^^^^^^^^^^^^^^^^^^^^^^^^^^^^^^^^^^^
  File "C:\Users\berke\Documents\GitHub\kasa\kasapro\db\repos\purchase_report_repo.py", line 161, in _fetch_invoice_items
    for r in self.conn.execute(sql, tuple(params)):
             ~~~~~~~~~~~~~~~~~^^^^^^^^^^^^^^^^^^^^
sqlite3.ProgrammingError: SQLite objects created in a thread can only be used in that same thread. The object was created in thread id 14568 and this is thread id 33188.
